<?xml version="1.0" encoding="UTF-8"?>
<!-- Generated by org.testng.reporters.JUnitReportReporter -->
<testsuite hostname="DESKTOP-S344IQT" failures="0" tests="2" name="testclass.Demo02" time="0.011" errors="0" timestamp="2022-09-24T20:41:59 IST" skipped="0">
  <testcase classname="testclass.Demo02" name="m4" time="0.001"/>
  <system-out/>
  <testcase classname="testclass.Demo02" name="m2" time="0.010"/>
  <system-out/>
</testsuite> <!-- testclass.Demo02 -->
