<?xml version="1.0" encoding="UTF-8"?>
<!-- Generated by org.testng.reporters.JUnitReportReporter -->
<testsuite hostname="DESKTOP-S344IQT" failures="0" tests="1" name="mavenAngleOne.TestPack01.TC01VerifyLoginFunctionality" time="14.445" errors="0" timestamp="2022-09-27T11:54:50 IST" skipped="0">
  <testcase classname="mavenAngleOne.TestPack01.TC01VerifyLoginFunctionality" name="loginFunctionality" time="14.445"/>
  <system-out/>
</testsuite> <!-- mavenAngleOne.TestPack01.TC01VerifyLoginFunctionality -->
