<?xml version="1.0" encoding="UTF-8"?>
<!-- Generated by org.testng.reporters.JUnitReportReporter -->
<testsuite hostname="DESKTOP-S344IQT" failures="0" tests="1" name="extentReport.ExtentReport" time="14.136" errors="0" timestamp="2022-09-25T17:53:25 IST" skipped="0">
  <testcase classname="extentReport.ExtentReport" name="logincheck" time="14.136"/>
  <system-out/>
</testsuite> <!-- extentReport.ExtentReport -->
