<?xml version="1.0" encoding="UTF-8"?>
<!-- Generated by org.testng.reporters.JUnitReportReporter -->
<testsuite hostname="DESKTOP-S344IQT" failures="0" tests="1" name="properties.SetProperties" time="0.029" errors="0" timestamp="2022-09-25T11:16:29 IST" skipped="0">
  <testcase classname="properties.SetProperties" name="setProperties" time="0.029"/>
  <system-out/>
</testsuite> <!-- properties.SetProperties -->
