<?xml version="1.0" encoding="UTF-8"?>
<!-- Generated by org.testng.reporters.JUnitReportReporter -->
<testsuite hostname="DESKTOP-S344IQT" failures="0" tests="1" name="mavenAngleOne.TestPack01.TC02VerifyCommodityClickable" time="9.734" errors="0" timestamp="2022-09-22T20:03:14 IST" skipped="0">
  <testcase classname="mavenAngleOne.TestPack01.TC02VerifyCommodityClickable" name="verifycommiditycheck" time="9.734"/>
  <system-out/>
</testsuite> <!-- mavenAngleOne.TestPack01.TC02VerifyCommodityClickable -->
