<?xml version="1.0" encoding="UTF-8"?>
<!-- Generated by org.testng.reporters.JUnitReportReporter -->
<testsuite hostname="DESKTOP-S344IQT" failures="0" tests="2" name="testclass.Demo01" time="0.007" errors="0" timestamp="2022-09-22T12:41:08 IST" skipped="0">
  <testcase classname="testclass.Demo01" name="m3" time="0.001"/>
  <system-out/>
  <testcase classname="testclass.Demo01" name="m1" time="0.006"/>
  <system-out/>
</testsuite> <!-- testclass.Demo01 -->
