<?xml version="1.0" encoding="UTF-8"?>
<!-- Generated by org.testng.reporters.JUnitReportReporter -->
<testsuite hostname="DESKTOP-S344IQT" failures="0" tests="1" name="properties.GetProperties" time="0.008" errors="0" timestamp="2022-09-25T09:10:26 IST" skipped="0">
  <testcase classname="properties.GetProperties" name="getProperties" time="0.008"/>
  <system-out/>
</testsuite> <!-- properties.GetProperties -->
